<?xml version="1.0" encoding="UTF-8"?>
<!-- Generated by org.testng.reporters.JUnitReportReporter -->
<testsuite hostname="Ashish" name="testngr.gmail" tests="1" failures="0" timestamp="20 Sep 2016 08:40:06 GMT" time="16.337" errors="0">
  <testcase name="f" time="16.337" classname="testngr.gmail"/>
</testsuite> <!-- testngr.gmail -->
